  Body.cpp
  Broadphase.cpp
D:\Programs\_Studio\Projects\AdvancedPhysicsProgramming\Broadphase.cpp(81,39): warning C4267: 'argument': conversion from 'size_t' to 'const int', possible loss of data
  Contact.cpp
  GJK.cpp
  Intersections.cpp
  Shape.cpp
D:\Programs\_Studio\Projects\AdvancedPhysicsProgramming\Shape.cpp(225,36): warning C4267: 'argument': conversion from 'size_t' to 'const int', possible loss of data
D:\Programs\_Studio\Projects\AdvancedPhysicsProgramming\Shape.cpp(316,42): warning C4267: 'argument': conversion from 'size_t' to 'const int', possible loss of data
  ShapeUtils.cpp
  Fileio.cpp
D:\Programs\_Studio\Projects\AdvancedPhysicsProgramming\code\Fileio.cpp(44,2): warning C4996: 'sprintf': This function or variable may be unsafe. Consider using sprintf_s instead. To disable deprecation, use _CRT_SECURE_NO_WARNINGS. See online help for details.
D:\Programs\_Studio\Projects\AdvancedPhysicsProgramming\code\Fileio.cpp(57,2): warning C4996: 'sprintf': This function or variable may be unsafe. Consider using sprintf_s instead. To disable deprecation, use _CRT_SECURE_NO_WARNINGS. See online help for details.
D:\Programs\_Studio\Projects\AdvancedPhysicsProgramming\code\Fileio.cpp(60,16): warning C4996: 'fopen': This function or variable may be unsafe. Consider using fopen_s instead. To disable deprecation, use _CRT_SECURE_NO_WARNINGS. See online help for details.
D:\Programs\_Studio\Projects\AdvancedPhysicsProgramming\code\Fileio.cpp(118,2): warning C4996: 'sprintf': This function or variable may be unsafe. Consider using sprintf_s instead. To disable deprecation, use _CRT_SECURE_NO_WARNINGS. See online help for details.
D:\Programs\_Studio\Projects\AdvancedPhysicsProgramming\code\Fileio.cpp(121,16): warning C4996: 'fopen': This function or variable may be unsafe. Consider using fopen_s instead. To disable deprecation, use _CRT_SECURE_NO_WARNINGS. See online help for details.
  Bounds.cpp
  LCP.cpp
  Buffer.cpp
  Descriptor.cpp
  DeviceContext.cpp
D:\Programs\_Studio\Projects\AdvancedPhysicsProgramming\code\Renderer\DeviceContext.cpp(210,22): warning C4018: '<': signed/unsigned mismatch
D:\Programs\_Studio\Projects\AdvancedPhysicsProgramming\code\Renderer\DeviceContext.cpp(649,81): warning C4244: 'initializing': conversion from 'const VkDeviceSize' to 'int', possible loss of data
D:\Programs\_Studio\Projects\AdvancedPhysicsProgramming\code\Renderer\DeviceContext.cpp(649,35): warning C4244: 'initializing': conversion from 'const VkDeviceSize' to 'const int', possible loss of data
  Fence.cpp
  FrameBuffer.cpp
  Image.cpp
  OffscreenRenderer.cpp
  Pipeline.cpp
  Samplers.cpp
  SwapChain.cpp
  Generating Code...
  Compiling...
  model.cpp
  shader.cpp
  Scene.cpp
D:\Programs\_Studio\Projects\AdvancedPhysicsProgramming\code\Scene.cpp(318,39): warning C4267: 'argument': conversion from 'size_t' to 'const int', possible loss of data
D:\Programs\_Studio\Projects\AdvancedPhysicsProgramming\code\Scene.cpp(322,40): warning C4267: 'initializing': conversion from 'size_t' to 'int', possible loss of data
D:\Programs\_Studio\Projects\AdvancedPhysicsProgramming\code\Scene.cpp(322,24): warning C4267: 'initializing': conversion from 'size_t' to 'const int', possible loss of data
  application.cpp
C:\Program Files (x86)\Windows Kits\10\Include\10.0.26100.0\shared\minwindef.h(130,9): warning C4005: 'APIENTRY': macro redefinition
  (compiling source file 'code/application.cpp')
      D:\Programs\_Studio\Projects\AdvancedPhysicsProgramming\libs\glfw-3.2.1.bin.WIN64\include\GLFW\glfw3.h(98,11):
      see previous definition of 'APIENTRY'
  
  main.cpp
  Generating Code...
LINK : warning LNK4098: defaultlib 'MSVCRT' conflicts with use of other libs; use /NODEFAULTLIB:library
  PhysicsRenderer.vcxproj -> D:\Programs\_Studio\Projects\AdvancedPhysicsProgramming\x64\Debug\PhysicsRenderer.exe
